This file contains any messages produced by compilers while
running configure, to aid debugging if configure makes a mistake.

It was created by guvcview configure 2.0.5, which was
generated by GNU Autoconf 2.69.  Invocation command line was

  $ ./configure --prefix=/usr

## --------- ##
## Platform. ##
## --------- ##

hostname = raspberrypi
uname -m = armv7l
uname -r = 5.10.36-v7l+
uname -s = Linux
uname -v = #1418 SMP Thu May 13 18:17:17 BST 2021

/usr/bin/uname -p = unknown
/bin/uname -X     = unknown

/bin/arch              = unknown
/usr/bin/arch -k       = unknown
/usr/convex/getsysinfo = unknown
/usr/bin/hostinfo      = unknown
/bin/machine           = unknown
/usr/bin/oslevel       = unknown
/bin/universe          = unknown

PATH: /home/pi/.local/bin
PATH: /usr/local/sbin
PATH: /usr/local/bin
PATH: /usr/sbin
PATH: /usr/bin
PATH: /sbin
PATH: /bin
PATH: /usr/local/games
PATH: /usr/games


## ----------- ##
## Core tests. ##
## ----------- ##

configure:2570: checking whether make supports nested variables
configure:2587: result: yes
configure:2644: checking for a BSD-compatible install
configure:2712: result: /usr/bin/install -c
configure:2723: checking whether build environment is sane
configure:2778: result: yes
configure:2927: checking for a thread-safe mkdir -p
configure:2966: result: /bin/mkdir -p
configure:2973: checking for gawk
configure:3003: result: no
configure:2973: checking for mawk
configure:2989: found /usr/bin/mawk
configure:3000: result: mawk
configure:3011: checking whether make sets $(MAKE)
configure:3033: result: yes
configure:3170: checking whether to enable maintainer-specific portions of Makefiles
configure:3179: result: no
configure:3258: checking for clang
configure:3288: result: no
configure:3258: checking for gcc
configure:3274: found /usr/bin/gcc
configure:3285: result: gcc
configure:3316: checking for C compiler version
configure:3325: gcc --version >&5
gcc (Raspbian 8.3.0-6+rpi1) 8.3.0
Copyright (C) 2018 Free Software Foundation, Inc.
This is free software; see the source for copying conditions.  There is NO
warranty; not even for MERCHANTABILITY or FITNESS FOR A PARTICULAR PURPOSE.

configure:3336: $? = 0
configure:3325: gcc -v >&5
Using built-in specs.
COLLECT_GCC=gcc
COLLECT_LTO_WRAPPER=/usr/lib/gcc/arm-linux-gnueabihf/8/lto-wrapper
Target: arm-linux-gnueabihf
Configured with: ../src/configure -v --with-pkgversion='Raspbian 8.3.0-6+rpi1' --with-bugurl=file:///usr/share/doc/gcc-8/README.Bugs --enable-languages=c,ada,c++,go,d,fortran,objc,obj-c++ --prefix=/usr --with-gcc-major-version-only --program-suffix=-8 --program-prefix=arm-linux-gnueabihf- --enable-shared --enable-linker-build-id --libexecdir=/usr/lib --without-included-gettext --enable-threads=posix --libdir=/usr/lib --enable-nls --enable-bootstrap --enable-clocale=gnu --enable-libstdcxx-debug --enable-libstdcxx-time=yes --with-default-libstdcxx-abi=new --enable-gnu-unique-object --disable-libitm --disable-libquadmath --disable-libquadmath-support --enable-plugin --with-system-zlib --with-target-system-zlib --enable-objc-gc=auto --enable-multiarch --disable-sjlj-exceptions --with-arch=armv6 --with-fpu=vfp --with-float=hard --disable-werror --enable-checking=release --build=arm-linux-gnueabihf --host=arm-linux-gnueabihf --target=arm-linux-gnueabihf
Thread model: posix
gcc version 8.3.0 (Raspbian 8.3.0-6+rpi1) 
configure:3336: $? = 0
configure:3325: gcc -V >&5
gcc: error: unrecognized command line option '-V'
gcc: fatal error: no input files
compilation terminated.
configure:3336: $? = 1
configure:3325: gcc -qversion >&5
gcc: error: unrecognized command line option '-qversion'; did you mean '--version'?
gcc: fatal error: no input files
compilation terminated.
configure:3336: $? = 1
configure:3356: checking whether the C compiler works
configure:3378: gcc    conftest.c  >&5
configure:3382: $? = 0
configure:3430: result: yes
configure:3433: checking for C compiler default output file name
configure:3435: result: a.out
configure:3441: checking for suffix of executables
configure:3448: gcc -o conftest    conftest.c  >&5
configure:3452: $? = 0
configure:3474: result: 
configure:3496: checking whether we are cross compiling
configure:3504: gcc -o conftest    conftest.c  >&5
configure:3508: $? = 0
configure:3515: ./conftest
configure:3519: $? = 0
configure:3507: result: no
configure:3512: checking for suffix of object files
configure:3534: gcc -c   conftest.c >&5
configure:3538: $? = 0
configure:3559: result: o
configure:3563: checking whether we are using the GNU C compiler
configure:3582: gcc -c   conftest.c >&5
configure:3582: $? = 0
configure:3591: result: yes
configure:3600: checking whether gcc accepts -g
configure:3620: gcc -c -g  conftest.c >&5
configure:3620: $? = 0
configure:3661: result: yes
configure:3678: checking for gcc option to accept ISO C89
configure:3741: gcc  -c -g -O2  conftest.c >&5
configure:3741: $? = 0
configure:3754: result: none needed
configure:3779: checking whether gcc understands -c and -o together
configure:3801: gcc -c conftest.c -o conftest2.o
configure:3804: $? = 0
configure:3801: gcc -c conftest.c -o conftest2.o
configure:3804: $? = 0
configure:3816: result: yes
configure:3836: checking whether make supports the include directive
configure:3851: make -f confmf.GNU && cat confinc.out
this is the am__doit target
configure:3854: $? = 0
configure:3873: result: yes (GNU style)
configure:3898: checking dependency style of gcc
configure:4009: result: gcc3
configure:4083: checking for clang++
configure:4113: result: no
configure:4083: checking for g++
configure:4099: found /usr/bin/g++
configure:4110: result: g++
configure:4137: checking for C++ compiler version
configure:4146: g++ --version >&5
g++ (Raspbian 8.3.0-6+rpi1) 8.3.0
Copyright (C) 2018 Free Software Foundation, Inc.
This is free software; see the source for copying conditions.  There is NO
warranty; not even for MERCHANTABILITY or FITNESS FOR A PARTICULAR PURPOSE.

configure:4157: $? = 0
configure:4146: g++ -v >&5
Using built-in specs.
COLLECT_GCC=g++
COLLECT_LTO_WRAPPER=/usr/lib/gcc/arm-linux-gnueabihf/8/lto-wrapper
Target: arm-linux-gnueabihf
Configured with: ../src/configure -v --with-pkgversion='Raspbian 8.3.0-6+rpi1' --with-bugurl=file:///usr/share/doc/gcc-8/README.Bugs --enable-languages=c,ada,c++,go,d,fortran,objc,obj-c++ --prefix=/usr --with-gcc-major-version-only --program-suffix=-8 --program-prefix=arm-linux-gnueabihf- --enable-shared --enable-linker-build-id --libexecdir=/usr/lib --without-included-gettext --enable-threads=posix --libdir=/usr/lib --enable-nls --enable-bootstrap --enable-clocale=gnu --enable-libstdcxx-debug --enable-libstdcxx-time=yes --with-default-libstdcxx-abi=new --enable-gnu-unique-object --disable-libitm --disable-libquadmath --disable-libquadmath-support --enable-plugin --with-system-zlib --with-target-system-zlib --enable-objc-gc=auto --enable-multiarch --disable-sjlj-exceptions --with-arch=armv6 --with-fpu=vfp --with-float=hard --disable-werror --enable-checking=release --build=arm-linux-gnueabihf --host=arm-linux-gnueabihf --target=arm-linux-gnueabihf
Thread model: posix
gcc version 8.3.0 (Raspbian 8.3.0-6+rpi1) 
configure:4157: $? = 0
configure:4146: g++ -V >&5
g++: error: unrecognized command line option '-V'
g++: fatal error: no input files
compilation terminated.
configure:4157: $? = 1
configure:4146: g++ -qversion >&5
g++: error: unrecognized command line option '-qversion'; did you mean '--version'?
g++: fatal error: no input files
compilation terminated.
configure:4157: $? = 1
configure:4161: checking whether we are using the GNU C++ compiler
configure:4180: g++ -c   conftest.cpp >&5
configure:4180: $? = 0
configure:4189: result: yes
configure:4198: checking whether g++ accepts -g
configure:4218: g++ -c -g  conftest.cpp >&5
configure:4218: $? = 0
configure:4259: result: yes
configure:4284: checking dependency style of g++
configure:4395: result: gcc3
configure:4415: checking whether g++ understands -c and -o together
configure:4439: g++ -g -O2 -c conftest.cpp -o conftest2.o >&5
configure:4443: $? = 0
configure:4450: g++ -g -O2 -c conftest.cpp -o conftest2.o >&5
configure:4454: $? = 0
configure:4462: result: yes
configure:4481: checking how to run the C preprocessor
configure:4512: gcc -E  conftest.c
configure:4512: $? = 0
configure:4526: gcc -E  conftest.c
conftest.c:12:10: fatal error: ac_nonexistent.h: No such file or directory
 #include <ac_nonexistent.h>
          ^~~~~~~~~~~~~~~~~~
compilation terminated.
configure:4526: $? = 1
configure: failed program was:
| /* confdefs.h */
| #define PACKAGE_NAME "guvcview"
| #define PACKAGE_TARNAME "guvcview"
| #define PACKAGE_VERSION "2.0.5"
| #define PACKAGE_STRING "guvcview 2.0.5"
| #define PACKAGE_BUGREPORT "http://guvcview.sourceforge.net/"
| #define PACKAGE_URL ""
| #define PACKAGE_RELEASE "2"
| #define PACKAGE "guvcview"
| #define VERSION "2.0.5"
| /* end confdefs.h.  */
| #include <ac_nonexistent.h>
configure:4551: result: gcc -E
configure:4571: gcc -E  conftest.c
configure:4571: $? = 0
configure:4585: gcc -E  conftest.c
conftest.c:12:10: fatal error: ac_nonexistent.h: No such file or directory
 #include <ac_nonexistent.h>
          ^~~~~~~~~~~~~~~~~~
compilation terminated.
configure:4585: $? = 1
configure: failed program was:
| /* confdefs.h */
| #define PACKAGE_NAME "guvcview"
| #define PACKAGE_TARNAME "guvcview"
| #define PACKAGE_VERSION "2.0.5"
| #define PACKAGE_STRING "guvcview 2.0.5"
| #define PACKAGE_BUGREPORT "http://guvcview.sourceforge.net/"
| #define PACKAGE_URL ""
| #define PACKAGE_RELEASE "2"
| #define PACKAGE "guvcview"
| #define VERSION "2.0.5"
| /* end confdefs.h.  */
| #include <ac_nonexistent.h>
configure:4614: checking for grep that handles long lines and -e
configure:4672: result: /bin/grep
configure:4677: checking for egrep
configure:4739: result: /bin/grep -E
configure:4744: checking for ANSI C header files
configure:4764: gcc -c -g -O2  conftest.c >&5
configure:4764: $? = 0
configure:4837: gcc -o conftest -g -O2   conftest.c  >&5
configure:4837: $? = 0
configure:4837: ./conftest
configure:4837: $? = 0
configure:4848: result: yes
configure:4885: checking build system type
configure:4899: result: armv7l-unknown-linux-gnueabihf
configure:4919: checking host system type
configure:4932: result: armv7l-unknown-linux-gnueabihf
configure:4973: checking how to print strings
configure:5000: result: printf
configure:5021: checking for a sed that does not truncate output
configure:5085: result: /bin/sed
configure:5103: checking for fgrep
configure:5165: result: /bin/grep -F
configure:5200: checking for ld used by gcc
configure:5267: result: /usr/bin/ld
configure:5274: checking if the linker (/usr/bin/ld) is GNU ld
configure:5289: result: yes
configure:5301: checking for BSD- or MS-compatible name lister (nm)
configure:5355: result: /usr/bin/nm -B
configure:5485: checking the name lister (/usr/bin/nm -B) interface
configure:5492: gcc -c -g -O2  conftest.c >&5
configure:5495: /usr/bin/nm -B "conftest.o"
configure:5498: output
00000000 B some_variable
configure:5499: result: BSD nm
configure:5502: checking whether ln -s works
configure:5506: result: yes
configure:5514: checking the maximum length of command line arguments
configure:5645: result: 1572864
configure:5693: checking how to convert armv7l-unknown-linux-gnueabihf file names to armv7l-unknown-linux-gnueabihf format
configure:5733: result: func_convert_file_noop
configure:5740: checking how to convert armv7l-unknown-linux-gnueabihf file names to toolchain format
configure:5760: result: func_convert_file_noop
configure:5767: checking for /usr/bin/ld option to reload object files
configure:5774: result: -r
configure:5848: checking for objdump
configure:5864: found /usr/bin/objdump
configure:5875: result: objdump
configure:5907: checking how to recognize dependent libraries
configure:6107: result: pass_all
configure:6192: checking for dlltool
configure:6222: result: no
configure:6252: checking how to associate runtime and link libraries
configure:6279: result: printf %s\n
configure:6339: checking for ar
configure:6355: found /usr/bin/ar
configure:6366: result: ar
configure:6403: checking for archiver @FILE support
configure:6420: gcc -c -g -O2  conftest.c >&5
configure:6420: $? = 0
configure:6423: ar cru libconftest.a @conftest.lst >&5
ar: `u' modifier ignored since `D' is the default (see `U')
configure:6426: $? = 0
configure:6431: ar cru libconftest.a @conftest.lst >&5
ar: `u' modifier ignored since `D' is the default (see `U')
ar: conftest.o: No such file or directory
configure:6434: $? = 1
configure:6433: result: @
configure:6491: checking for strip
configure:6507: found /usr/bin/strip
configure:6518: result: strip
configure:6590: checking for ranlib
configure:6606: found /usr/bin/ranlib
configure:6617: result: ranlib
configure:6719: checking command to parse /usr/bin/nm -B output from gcc object
configure:6872: gcc -c -g -O2  conftest.c >&5
configure:6875: $? = 0
configure:6879: /usr/bin/nm -B conftest.o | sed -n -e 's/^.*[	 ]\([ABCDGIRSTW][ABCDGIRSTW]*\)[	 ][	 ]*\([_A-Za-z][_A-Za-z0-9]*\)$/\1 \2 \2/p' | sed '/ __gnu_lto/d' > conftest.nm
configure:6945: gcc -o conftest -g -O2   conftest.c conftstm.o >&5
configure:6948: $? = 0
configure:6986: result: ok
configure:7033: checking for sysroot
configure:7063: result: no
configure:7070: checking for a working dd
configure:7108: result: /bin/dd
configure:7112: checking how to truncate binary pipes
configure:7127: result: /bin/dd bs=4096 count=1
configure:7456: checking for mt
configure:7472: found /bin/mt
configure:7483: result: mt
configure:7506: checking if mt is a manifest tool
configure:7512: mt '-?'
configure:7520: result: no
configure:8197: checking for sys/types.h
configure:8197: gcc -c -g -O2  conftest.c >&5
configure:8197: $? = 0
configure:8197: result: yes
configure:8197: checking for sys/stat.h
configure:8197: gcc -c -g -O2  conftest.c >&5
configure:8197: $? = 0
configure:8197: result: yes
configure:8197: checking for stdlib.h
configure:8197: gcc -c -g -O2  conftest.c >&5
configure:8197: $? = 0
configure:8197: result: yes
configure:8197: checking for string.h
configure:8197: gcc -c -g -O2  conftest.c >&5
configure:8197: $? = 0
configure:8197: result: yes
configure:8197: checking for memory.h
configure:8197: gcc -c -g -O2  conftest.c >&5
configure:8197: $? = 0
configure:8197: result: yes
configure:8197: checking for strings.h
configure:8197: gcc -c -g -O2  conftest.c >&5
configure:8197: $? = 0
configure:8197: result: yes
configure:8197: checking for inttypes.h
configure:8197: gcc -c -g -O2  conftest.c >&5
configure:8197: $? = 0
configure:8197: result: yes
configure:8197: checking for stdint.h
configure:8197: gcc -c -g -O2  conftest.c >&5
configure:8197: $? = 0
configure:8197: result: yes
configure:8197: checking for unistd.h
configure:8197: gcc -c -g -O2  conftest.c >&5
configure:8197: $? = 0
configure:8197: result: yes
configure:8211: checking for dlfcn.h
configure:8211: gcc -c -g -O2  conftest.c >&5
configure:8211: $? = 0
configure:8211: result: yes
configure:8478: checking for objdir
configure:8493: result: .libs
configure:8757: checking if gcc supports -fno-rtti -fno-exceptions
configure:8775: gcc -c -g -O2  -fno-rtti -fno-exceptions conftest.c >&5
cc1: warning: command line option '-fno-rtti' is valid for C++/ObjC++ but not for C
configure:8779: $? = 0
configure:8792: result: no
configure:9150: checking for gcc option to produce PIC
configure:9157: result: -fPIC -DPIC
configure:9165: checking if gcc PIC flag -fPIC -DPIC works
configure:9183: gcc -c -g -O2  -fPIC -DPIC -DPIC conftest.c >&5
configure:9187: $? = 0
configure:9200: result: yes
configure:9229: checking if gcc static flag -static works
configure:9257: result: yes
configure:9272: checking if gcc supports -c -o file.o
configure:9293: gcc -c -g -O2  -o out/conftest2.o conftest.c >&5
configure:9297: $? = 0
configure:9319: result: yes
configure:9327: checking if gcc supports -c -o file.o
configure:9374: result: yes
configure:9407: checking whether the gcc linker (/usr/bin/ld) supports shared libraries
configure:10670: result: yes
configure:10707: checking whether -lc should be explicitly linked in
configure:10715: gcc -c -g -O2  conftest.c >&5
configure:10718: $? = 0
configure:10733: gcc -shared  -fPIC -DPIC conftest.o  -v -Wl,-soname -Wl,conftest -o conftest 2\>\&1 \| /bin/grep  -lc  \>/dev/null 2\>\&1
configure:10736: $? = 0
configure:10750: result: no
configure:10910: checking dynamic linker characteristics
configure:11491: gcc -o conftest -g -O2   -Wl,-rpath -Wl,/foo conftest.c  >&5
configure:11491: $? = 0
configure:11740: result: GNU/Linux ld.so
configure:11862: checking how to hardcode library paths into programs
configure:11887: result: immediate
configure:12435: checking whether stripping libraries is possible
configure:12440: result: yes
configure:12475: checking if libtool supports shared libraries
configure:12477: result: yes
configure:12480: checking whether to build shared libraries
configure:12505: result: yes
configure:12508: checking whether to build static libraries
configure:12512: result: yes
configure:9311: checking how to run the C++ preprocessor
configure:9338: g++ -E  conftest.cpp
configure:9338: $? = 0
configure:9352: g++ -E  conftest.cpp
conftest.cpp:24:10: fatal error: ac_nonexistent.h: No such file or directory
 #include <ac_nonexistent.h>
          ^~~~~~~~~~~~~~~~~~
compilation terminated.
configure:9352: $? = 1
configure: failed program was:
| /* confdefs.h */
| #define PACKAGE_NAME "guvcview"
| #define PACKAGE_TARNAME "guvcview"
| #define PACKAGE_VERSION "2.0.5"
| #define PACKAGE_STRING "guvcview 2.0.5"
| #define PACKAGE_BUGREPORT "http://guvcview.sourceforge.net/"
| #define PACKAGE_URL ""
| #define PACKAGE_RELEASE "2"
| #define PACKAGE "guvcview"
| #define VERSION "2.0.5"
| #define STDC_HEADERS 1
| #define HAVE_SYS_TYPES_H 1
| #define HAVE_SYS_STAT_H 1
| #define HAVE_STDLIB_H 1
| #define HAVE_STRING_H 1
| #define HAVE_MEMORY_H 1
| #define HAVE_STRINGS_H 1
| #define HAVE_INTTYPES_H 1
| #define HAVE_STDINT_H 1
| #define HAVE_UNISTD_H 1
| #define HAVE_DLFCN_H 1
| #define LT_OBJDIR ".libs/"
| /* end confdefs.h.  */
| #include <ac_nonexistent.h>
configure:9377: result: g++ -E
configure:9397: g++ -E  conftest.cpp
configure:9397: $? = 0
configure:9411: g++ -E  conftest.cpp
conftest.cpp:24:10: fatal error: ac_nonexistent.h: No such file or directory
 #include <ac_nonexistent.h>
          ^~~~~~~~~~~~~~~~~~
compilation terminated.
configure:9411: $? = 1
configure: failed program was:
| /* confdefs.h */
| #define PACKAGE_NAME "guvcview"
| #define PACKAGE_TARNAME "guvcview"
| #define PACKAGE_VERSION "2.0.5"
| #define PACKAGE_STRING "guvcview 2.0.5"
| #define PACKAGE_BUGREPORT "http://guvcview.sourceforge.net/"
| #define PACKAGE_URL ""
| #define PACKAGE_RELEASE "2"
| #define PACKAGE "guvcview"
| #define VERSION "2.0.5"
| #define STDC_HEADERS 1
| #define HAVE_SYS_TYPES_H 1
| #define HAVE_SYS_STAT_H 1
| #define HAVE_STDLIB_H 1
| #define HAVE_STRING_H 1
| #define HAVE_MEMORY_H 1
| #define HAVE_STRINGS_H 1
| #define HAVE_INTTYPES_H 1
| #define HAVE_STDINT_H 1
| #define HAVE_UNISTD_H 1
| #define HAVE_DLFCN_H 1
| #define LT_OBJDIR ".libs/"
| /* end confdefs.h.  */
| #include <ac_nonexistent.h>
configure:9573: checking for ld used by g++
configure:9640: result: /usr/bin/ld
configure:9647: checking if the linker (/usr/bin/ld) is GNU ld
configure:9662: result: yes
configure:9717: checking whether the g++ linker (/usr/bin/ld) supports shared libraries
configure:10790: result: yes
configure:10826: g++ -c -g -O2  conftest.cpp >&5
configure:10829: $? = 0
configure:11310: checking for g++ option to produce PIC
configure:11317: result: -fPIC -DPIC
configure:11325: checking if g++ PIC flag -fPIC -DPIC works
configure:11343: g++ -c -g -O2  -fPIC -DPIC -DPIC conftest.cpp >&5
configure:11347: $? = 0
configure:11360: result: yes
configure:11383: checking if g++ static flag -static works
configure:11411: result: yes
configure:11423: checking if g++ supports -c -o file.o
configure:11444: g++ -c -g -O2  -o out/conftest2.o conftest.cpp >&5
configure:11448: $? = 0
configure:11470: result: yes
configure:11475: checking if g++ supports -c -o file.o
configure:11522: result: yes
configure:11552: checking whether the g++ linker (/usr/bin/ld) supports shared libraries
configure:11595: result: yes
configure:11736: checking dynamic linker characteristics
configure:12493: result: GNU/Linux ld.so
configure:12558: checking how to hardcode library paths into programs
configure:12583: result: immediate
configure:11483: checking for special C compiler options needed for large files
configure:11528: result: no
configure:11534: checking for _FILE_OFFSET_BITS value needed for large files
configure:11559: gcc -c -g -O2  conftest.c >&5
conftest.c:29:41: warning: result of '-2147483648 << 31' requires 63 bits to represent, but 'long int' only has 32 bits [-Wshift-overflow=]
 #define LARGE_OFF_T ((((off_t) 1 << 31) << 31) - 1 + (((off_t) 1 << 31) << 31))
                                         ^~
conftest.c:30:23: note: in expansion of macro 'LARGE_OFF_T'
   int off_t_is_large[(LARGE_OFF_T % 2147483629 == 721
                       ^~~~~~~~~~~
conftest.c:29:73: warning: result of '-2147483648 << 31' requires 63 bits to represent, but 'long int' only has 32 bits [-Wshift-overflow=]
 #define LARGE_OFF_T ((((off_t) 1 << 31) << 31) - 1 + (((off_t) 1 << 31) << 31))
                                                                         ^~
conftest.c:30:23: note: in expansion of macro 'LARGE_OFF_T'
   int off_t_is_large[(LARGE_OFF_T % 2147483629 == 721
                       ^~~~~~~~~~~
conftest.c:29:41: warning: result of '-2147483648 << 31' requires 63 bits to represent, but 'long int' only has 32 bits [-Wshift-overflow=]
 #define LARGE_OFF_T ((((off_t) 1 << 31) << 31) - 1 + (((off_t) 1 << 31) << 31))
                                         ^~
conftest.c:31:13: note: in expansion of macro 'LARGE_OFF_T'
          && LARGE_OFF_T % 2147483647 == 1)
             ^~~~~~~~~~~
conftest.c:29:73: warning: result of '-2147483648 << 31' requires 63 bits to represent, but 'long int' only has 32 bits [-Wshift-overflow=]
 #define LARGE_OFF_T ((((off_t) 1 << 31) << 31) - 1 + (((off_t) 1 << 31) << 31))
                                                                         ^~
conftest.c:31:13: note: in expansion of macro 'LARGE_OFF_T'
          && LARGE_OFF_T % 2147483647 == 1)
             ^~~~~~~~~~~
conftest.c:30:7: error: variably modified 'off_t_is_large' at file scope
   int off_t_is_large[(LARGE_OFF_T % 2147483629 == 721
       ^~~~~~~~~~~~~~
configure:11559: $? = 1
configure: failed program was:
| /* confdefs.h */
| #define PACKAGE_NAME "guvcview"
| #define PACKAGE_TARNAME "guvcview"
| #define PACKAGE_VERSION "2.0.5"
| #define PACKAGE_STRING "guvcview 2.0.5"
| #define PACKAGE_BUGREPORT "http://guvcview.sourceforge.net/"
| #define PACKAGE_URL ""
| #define PACKAGE_RELEASE "2"
| #define PACKAGE "guvcview"
| #define VERSION "2.0.5"
| #define STDC_HEADERS 1
| #define HAVE_SYS_TYPES_H 1
| #define HAVE_SYS_STAT_H 1
| #define HAVE_STDLIB_H 1
| #define HAVE_STRING_H 1
| #define HAVE_MEMORY_H 1
| #define HAVE_STRINGS_H 1
| #define HAVE_INTTYPES_H 1
| #define HAVE_STDINT_H 1
| #define HAVE_UNISTD_H 1
| #define HAVE_DLFCN_H 1
| #define LT_OBJDIR ".libs/"
| /* end confdefs.h.  */
| #include <sys/types.h>
|  /* Check that off_t can represent 2**63 - 1 correctly.
|     We can't simply define LARGE_OFF_T to be 9223372036854775807,
|     since some C++ compilers masquerading as C compilers
|     incorrectly reject 9223372036854775807.  */
| #define LARGE_OFF_T ((((off_t) 1 << 31) << 31) - 1 + (((off_t) 1 << 31) << 31))
|   int off_t_is_large[(LARGE_OFF_T % 2147483629 == 721
| 		       && LARGE_OFF_T % 2147483647 == 1)
| 		      ? 1 : -1];
| int
| main ()
| {
| 
|   ;
|   return 0;
| }
configure:11583: gcc -c -g -O2  conftest.c >&5
configure:11583: $? = 0
configure:11591: result: 64
configure:11677: checking whether build environment is sane
configure:11732: result: yes
configure:11909: checking for the pthreads library -lpthreads
configure:11942: gcc -o conftest -g -O2    conftest.c -lpthreads  >&5
/usr/bin/ld: cannot find -lpthreads
collect2: error: ld returned 1 exit status
configure:11942: $? = 1
configure: failed program was:
| /* confdefs.h */
| #define PACKAGE_NAME "guvcview"
| #define PACKAGE_TARNAME "guvcview"
| #define PACKAGE_VERSION "2.0.5"
| #define PACKAGE_STRING "guvcview 2.0.5"
| #define PACKAGE_BUGREPORT "http://guvcview.sourceforge.net/"
| #define PACKAGE_URL ""
| #define PACKAGE_RELEASE "2"
| #define PACKAGE "guvcview"
| #define VERSION "2.0.5"
| #define STDC_HEADERS 1
| #define HAVE_SYS_TYPES_H 1
| #define HAVE_SYS_STAT_H 1
| #define HAVE_STDLIB_H 1
| #define HAVE_STRING_H 1
| #define HAVE_MEMORY_H 1
| #define HAVE_STRINGS_H 1
| #define HAVE_INTTYPES_H 1
| #define HAVE_STDINT_H 1
| #define HAVE_UNISTD_H 1
| #define HAVE_DLFCN_H 1
| #define LT_OBJDIR ".libs/"
| #define _FILE_OFFSET_BITS 64
| /* end confdefs.h.  */
| #include <pthread.h>
| int
| main ()
| {
| pthread_t th; pthread_join(th, 0);
|                      pthread_attr_init(0); pthread_cleanup_push(0, 0);
|                      pthread_create(0,0,0,0); pthread_cleanup_pop(0);
|   ;
|   return 0;
| }
configure:11951: result: no
configure:11854: checking whether pthreads work without any flags
configure:11942: gcc -o conftest -g -O2    conftest.c   >&5
/usr/bin/ld: /tmp/cc0u2SSW.o: in function `main':
/home/pi/guvcview/conftest.c:29: undefined reference to `pthread_join'
/usr/bin/ld: /home/pi/guvcview/conftest.c:30: undefined reference to `__pthread_register_cancel'
/usr/bin/ld: /home/pi/guvcview/conftest.c:31: undefined reference to `pthread_create'
/usr/bin/ld: /home/pi/guvcview/conftest.c:31: undefined reference to `__pthread_unregister_cancel'
collect2: error: ld returned 1 exit status
configure:11942: $? = 1
configure: failed program was:
| /* confdefs.h */
| #define PACKAGE_NAME "guvcview"
| #define PACKAGE_TARNAME "guvcview"
| #define PACKAGE_VERSION "2.0.5"
| #define PACKAGE_STRING "guvcview 2.0.5"
| #define PACKAGE_BUGREPORT "http://guvcview.sourceforge.net/"
| #define PACKAGE_URL ""
| #define PACKAGE_RELEASE "2"
| #define PACKAGE "guvcview"
| #define VERSION "2.0.5"
| #define STDC_HEADERS 1
| #define HAVE_SYS_TYPES_H 1
| #define HAVE_SYS_STAT_H 1
| #define HAVE_STDLIB_H 1
| #define HAVE_STRING_H 1
| #define HAVE_MEMORY_H 1
| #define HAVE_STRINGS_H 1
| #define HAVE_INTTYPES_H 1
| #define HAVE_STDINT_H 1
| #define HAVE_UNISTD_H 1
| #define HAVE_DLFCN_H 1
| #define LT_OBJDIR ".libs/"
| #define _FILE_OFFSET_BITS 64
| /* end confdefs.h.  */
| #include <pthread.h>
| int
| main ()
| {
| pthread_t th; pthread_join(th, 0);
|                      pthread_attr_init(0); pthread_cleanup_push(0, 0);
|                      pthread_create(0,0,0,0); pthread_cleanup_pop(0);
|   ;
|   return 0;
| }
configure:11951: result: no
configure:11859: checking whether pthreads work with -Kthread
configure:11942: gcc -o conftest -g -O2 -Kthread   conftest.c   >&5
gcc: error: unrecognized command line option '-Kthread'; did you mean '-pthread'?
configure:11942: $? = 1
configure: failed program was:
| /* confdefs.h */
| #define PACKAGE_NAME "guvcview"
| #define PACKAGE_TARNAME "guvcview"
| #define PACKAGE_VERSION "2.0.5"
| #define PACKAGE_STRING "guvcview 2.0.5"
| #define PACKAGE_BUGREPORT "http://guvcview.sourceforge.net/"
| #define PACKAGE_URL ""
| #define PACKAGE_RELEASE "2"
| #define PACKAGE "guvcview"
| #define VERSION "2.0.5"
| #define STDC_HEADERS 1
| #define HAVE_SYS_TYPES_H 1
| #define HAVE_SYS_STAT_H 1
| #define HAVE_STDLIB_H 1
| #define HAVE_STRING_H 1
| #define HAVE_MEMORY_H 1
| #define HAVE_STRINGS_H 1
| #define HAVE_INTTYPES_H 1
| #define HAVE_STDINT_H 1
| #define HAVE_UNISTD_H 1
| #define HAVE_DLFCN_H 1
| #define LT_OBJDIR ".libs/"
| #define _FILE_OFFSET_BITS 64
| /* end confdefs.h.  */
| #include <pthread.h>
| int
| main ()
| {
| pthread_t th; pthread_join(th, 0);
|                      pthread_attr_init(0); pthread_cleanup_push(0, 0);
|                      pthread_create(0,0,0,0); pthread_cleanup_pop(0);
|   ;
|   return 0;
| }
configure:11951: result: no
configure:11859: checking whether pthreads work with -kthread
configure:11942: gcc -o conftest -g -O2 -kthread   conftest.c   >&5
gcc: error: unrecognized command line option '-kthread'; did you mean '-pthread'?
configure:11942: $? = 1
configure: failed program was:
| /* confdefs.h */
| #define PACKAGE_NAME "guvcview"
| #define PACKAGE_TARNAME "guvcview"
| #define PACKAGE_VERSION "2.0.5"
| #define PACKAGE_STRING "guvcview 2.0.5"
| #define PACKAGE_BUGREPORT "http://guvcview.sourceforge.net/"
| #define PACKAGE_URL ""
| #define PACKAGE_RELEASE "2"
| #define PACKAGE "guvcview"
| #define VERSION "2.0.5"
| #define STDC_HEADERS 1
| #define HAVE_SYS_TYPES_H 1
| #define HAVE_SYS_STAT_H 1
| #define HAVE_STDLIB_H 1
| #define HAVE_STRING_H 1
| #define HAVE_MEMORY_H 1
| #define HAVE_STRINGS_H 1
| #define HAVE_INTTYPES_H 1
| #define HAVE_STDINT_H 1
| #define HAVE_UNISTD_H 1
| #define HAVE_DLFCN_H 1
| #define LT_OBJDIR ".libs/"
| #define _FILE_OFFSET_BITS 64
| /* end confdefs.h.  */
| #include <pthread.h>
| int
| main ()
| {
| pthread_t th; pthread_join(th, 0);
|                      pthread_attr_init(0); pthread_cleanup_push(0, 0);
|                      pthread_create(0,0,0,0); pthread_cleanup_pop(0);
|   ;
|   return 0;
| }
configure:11951: result: no
configure:11909: checking for the pthreads library -llthread
configure:11942: gcc -o conftest -g -O2    conftest.c -llthread  >&5
/usr/bin/ld: cannot find -llthread
collect2: error: ld returned 1 exit status
configure:11942: $? = 1
configure: failed program was:
| /* confdefs.h */
| #define PACKAGE_NAME "guvcview"
| #define PACKAGE_TARNAME "guvcview"
| #define PACKAGE_VERSION "2.0.5"
| #define PACKAGE_STRING "guvcview 2.0.5"
| #define PACKAGE_BUGREPORT "http://guvcview.sourceforge.net/"
| #define PACKAGE_URL ""
| #define PACKAGE_RELEASE "2"
| #define PACKAGE "guvcview"
| #define VERSION "2.0.5"
| #define STDC_HEADERS 1
| #define HAVE_SYS_TYPES_H 1
| #define HAVE_SYS_STAT_H 1
| #define HAVE_STDLIB_H 1
| #define HAVE_STRING_H 1
| #define HAVE_MEMORY_H 1
| #define HAVE_STRINGS_H 1
| #define HAVE_INTTYPES_H 1
| #define HAVE_STDINT_H 1
| #define HAVE_UNISTD_H 1
| #define HAVE_DLFCN_H 1
| #define LT_OBJDIR ".libs/"
| #define _FILE_OFFSET_BITS 64
| /* end confdefs.h.  */
| #include <pthread.h>
| int
| main ()
| {
| pthread_t th; pthread_join(th, 0);
|                      pthread_attr_init(0); pthread_cleanup_push(0, 0);
|                      pthread_create(0,0,0,0); pthread_cleanup_pop(0);
|   ;
|   return 0;
| }
configure:11951: result: no
configure:11859: checking whether pthreads work with -pthread
configure:11942: gcc -o conftest -g -O2 -pthread   conftest.c   >&5
configure:11942: $? = 0
configure:11951: result: yes
configure:11970: checking for joinable pthread attribute
configure:11985: gcc -o conftest -g -O2 -pthread   conftest.c   >&5
configure:11985: $? = 0
configure:11991: result: PTHREAD_CREATE_JOINABLE
configure:12001: checking if more special flags are required for pthreads
configure:12008: result: no
configure:12111: checking whether NLS is requested
configure:12120: result: yes
configure:12138: checking for intltool >= 0.40
configure:12140: result: 0.51.0 found
configure:12148: checking for intltool-update
configure:12166: found /usr/bin/intltool-update
configure:12178: result: /usr/bin/intltool-update
configure:12188: checking for intltool-merge
configure:12206: found /usr/bin/intltool-merge
configure:12218: result: /usr/bin/intltool-merge
configure:12228: checking for intltool-extract
configure:12246: found /usr/bin/intltool-extract
configure:12258: result: /usr/bin/intltool-extract
configure:12412: checking for xgettext
configure:12430: found /usr/bin/xgettext
configure:12442: result: /usr/bin/xgettext
configure:12452: checking for msgmerge
configure:12470: found /usr/bin/msgmerge
configure:12482: result: /usr/bin/msgmerge
configure:12492: checking for msgfmt
configure:12510: found /usr/bin/msgfmt
configure:12522: result: /usr/bin/msgfmt
configure:12532: checking for gmsgfmt
configure:12563: result: /usr/bin/msgfmt
configure:12583: checking for perl
configure:12601: found /usr/bin/perl
configure:12613: result: /usr/bin/perl
configure:12624: checking for perl >= 5.8.1
configure:12631: result: 5.28.1
configure:12635: checking for XML::Parser
configure:12638: result: ok
configure:12658: checking locale.h usability
configure:12658: gcc -c -g -O2  conftest.c >&5
configure:12658: $? = 0
configure:12658: result: yes
configure:12658: checking locale.h presence
configure:12658: gcc -E  conftest.c
configure:12658: $? = 0
configure:12658: result: yes
configure:12658: checking for locale.h
configure:12658: result: yes
configure:12669: checking for LC_MESSAGES
configure:12685: gcc -o conftest -g -O2   conftest.c  >&5
configure:12685: $? = 0
configure:12693: result: yes
configure:12711: checking for CFPreferencesCopyAppValue
configure:12729: gcc -o conftest -g -O2   conftest.c  -Wl,-framework -Wl,CoreFoundation >&5
conftest.c:30:10: fatal error: CoreFoundation/CFPreferences.h: No such file or directory
 #include <CoreFoundation/CFPreferences.h>
          ^~~~~~~~~~~~~~~~~~~~~~~~~~~~~~~~
compilation terminated.
configure:12729: $? = 1
configure: failed program was:
| /* confdefs.h */
| #define PACKAGE_NAME "guvcview"
| #define PACKAGE_TARNAME "guvcview"
| #define PACKAGE_VERSION "2.0.5"
| #define PACKAGE_STRING "guvcview 2.0.5"
| #define PACKAGE_BUGREPORT "http://guvcview.sourceforge.net/"
| #define PACKAGE_URL ""
| #define PACKAGE_RELEASE "2"
| #define PACKAGE "guvcview"
| #define VERSION "2.0.5"
| #define STDC_HEADERS 1
| #define HAVE_SYS_TYPES_H 1
| #define HAVE_SYS_STAT_H 1
| #define HAVE_STDLIB_H 1
| #define HAVE_STRING_H 1
| #define HAVE_MEMORY_H 1
| #define HAVE_STRINGS_H 1
| #define HAVE_INTTYPES_H 1
| #define HAVE_STDINT_H 1
| #define HAVE_UNISTD_H 1
| #define HAVE_DLFCN_H 1
| #define LT_OBJDIR ".libs/"
| #define _FILE_OFFSET_BITS 64
| #define HAVE_PTHREAD 1
| #define GETTEXT_PACKAGE_V4L2CORE "gview_v4l2core"
| #define GETTEXT_PACKAGE "guvcview"
| #define HAVE_LOCALE_H 1
| #define HAVE_LC_MESSAGES 1
| /* end confdefs.h.  */
| #include <CoreFoundation/CFPreferences.h>
| int
| main ()
| {
| CFPreferencesCopyAppValue(NULL, NULL)
|   ;
|   return 0;
| }
configure:12738: result: no
configure:12745: checking for CFLocaleCopyCurrent
configure:12763: gcc -o conftest -g -O2   conftest.c  -Wl,-framework -Wl,CoreFoundation >&5
conftest.c:30:10: fatal error: CoreFoundation/CFLocale.h: No such file or directory
 #include <CoreFoundation/CFLocale.h>
          ^~~~~~~~~~~~~~~~~~~~~~~~~~~
compilation terminated.
configure:12763: $? = 1
configure: failed program was:
| /* confdefs.h */
| #define PACKAGE_NAME "guvcview"
| #define PACKAGE_TARNAME "guvcview"
| #define PACKAGE_VERSION "2.0.5"
| #define PACKAGE_STRING "guvcview 2.0.5"
| #define PACKAGE_BUGREPORT "http://guvcview.sourceforge.net/"
| #define PACKAGE_URL ""
| #define PACKAGE_RELEASE "2"
| #define PACKAGE "guvcview"
| #define VERSION "2.0.5"
| #define STDC_HEADERS 1
| #define HAVE_SYS_TYPES_H 1
| #define HAVE_SYS_STAT_H 1
| #define HAVE_STDLIB_H 1
| #define HAVE_STRING_H 1
| #define HAVE_MEMORY_H 1
| #define HAVE_STRINGS_H 1
| #define HAVE_INTTYPES_H 1
| #define HAVE_STDINT_H 1
| #define HAVE_UNISTD_H 1
| #define HAVE_DLFCN_H 1
| #define LT_OBJDIR ".libs/"
| #define _FILE_OFFSET_BITS 64
| #define HAVE_PTHREAD 1
| #define GETTEXT_PACKAGE_V4L2CORE "gview_v4l2core"
| #define GETTEXT_PACKAGE "guvcview"
| #define HAVE_LOCALE_H 1
| #define HAVE_LC_MESSAGES 1
| /* end confdefs.h.  */
| #include <CoreFoundation/CFLocale.h>
| int
| main ()
| {
| CFLocaleCopyCurrent();
|   ;
|   return 0;
| }
configure:12772: result: no
configure:12786: checking libintl.h usability
configure:12786: gcc -c -g -O2  conftest.c >&5
configure:12786: $? = 0
configure:12786: result: yes
configure:12786: checking libintl.h presence
configure:12786: gcc -E  conftest.c
configure:12786: $? = 0
configure:12786: result: yes
configure:12786: checking for libintl.h
configure:12786: result: yes
configure:12794: checking for ngettext in libc
configure:12812: gcc -o conftest -g -O2   conftest.c  >&5
configure:12812: $? = 0
configure:12821: result: yes
configure:12825: checking for dgettext in libc
configure:12843: gcc -o conftest -g -O2   conftest.c  >&5
configure:12843: $? = 0
configure:12852: result: yes
configure:12859: checking for bind_textdomain_codeset
configure:12859: gcc -o conftest -g -O2   conftest.c  >&5
configure:12859: $? = 0
configure:12859: result: yes
configure:13135: checking for msgfmt
configure:13162: result: /usr/bin/msgfmt
configure:13173: checking for dcgettext
configure:13173: gcc -o conftest -g -O2   conftest.c   >&5
conftest.c:55:6: warning: conflicting types for built-in function 'dcgettext' [-Wbuiltin-declaration-mismatch]
 char dcgettext ();
      ^~~~~~~~~
configure:13173: $? = 0
configure:13173: result: yes
configure:13183: checking if msgfmt accepts -c
configure:13198: $MSGFMT -c -o /dev/null conftest.foo
conftest.foo:3: warning: header field 'Language' missing in header
configure:13201: $? = 0
configure:13203: result: yes
configure:13213: checking for gmsgfmt
configure:13244: result: /usr/bin/msgfmt
configure:13254: checking for xgettext
configure:13281: result: /usr/bin/xgettext
configure:13300: gcc -o conftest -g -O2   conftest.c   >&5
configure:13300: $? = 0
configure:13382: checking for catalogs to be installed
configure:13407: result:  bg bs cs da de en_AU es eu fo fr gl he hr it ja lv nl pl pt pt_BR ru si sr tr uk zh_TW
configure:13440: checking for ANSI C header files
configure:13544: result: yes
configure:13554: checking math.h usability
configure:13554: gcc -c -g -O2  conftest.c >&5
configure:13554: $? = 0
configure:13554: result: yes
configure:13554: checking math.h presence
configure:13554: gcc -E  conftest.c
configure:13554: $? = 0
configure:13554: result: yes
configure:13554: checking for math.h
configure:13554: result: yes
configure:13564: checking for exp in -lm
configure:13589: gcc -o conftest -g -O2   conftest.c -lm   >&5
conftest.c:43:6: warning: conflicting types for built-in function 'exp' [-Wbuiltin-declaration-mismatch]
 char exp ();
      ^~~
configure:13589: $? = 0
configure:13598: result: yes
configure:13606: checking for roundf in -lm
configure:13631: gcc -o conftest -g -O2   conftest.c -lm   >&5
conftest.c:44:6: warning: conflicting types for built-in function 'roundf' [-Wbuiltin-declaration-mismatch]
 char roundf ();
      ^~~~~~
configure:13631: $? = 0
configure:13640: result: yes
configure:13648: checking for pow in -lm
configure:13673: gcc -o conftest -g -O2   conftest.c -lm   >&5
conftest.c:45:6: warning: conflicting types for built-in function 'pow' [-Wbuiltin-declaration-mismatch]
 char pow ();
      ^~~
configure:13673: $? = 0
configure:13682: result: yes
configure:13775: checking for pkg-config
configure:13793: found /usr/bin/pkg-config
configure:13805: result: /usr/bin/pkg-config
configure:13830: checking pkg-config is at least version 0.9.0
configure:13833: result: yes
configure:13843: checking for GVIEWV4L2CORE
configure:13850: $PKG_CONFIG --exists --print-errors "libv4l2 libudev libusb-1.0 libavcodec libavutil libpng"
configure:13853: $? = 0
configure:13867: $PKG_CONFIG --exists --print-errors "libv4l2 libudev libusb-1.0 libavcodec libavutil libpng"
configure:13870: $? = 0
configure:13928: result: yes
configure:13940: checking libavcodec/avcodec.h usability
configure:13940: gcc -c -g -O2  conftest.c >&5
configure:13940: $? = 0
configure:13940: result: yes
configure:13940: checking libavcodec/avcodec.h presence
configure:13940: gcc -E  conftest.c
configure:13940: $? = 0
configure:13940: result: yes
configure:13940: checking for libavcodec/avcodec.h
configure:13940: result: yes
configure:13940: checking ffmpeg/avcodec.h usability
configure:13940: gcc -c -g -O2  conftest.c >&5
conftest.c:73:10: fatal error: ffmpeg/avcodec.h: No such file or directory
 #include <ffmpeg/avcodec.h>
          ^~~~~~~~~~~~~~~~~~
compilation terminated.
configure:13940: $? = 1
configure: failed program was:
| /* confdefs.h */
| #define PACKAGE_NAME "guvcview"
| #define PACKAGE_TARNAME "guvcview"
| #define PACKAGE_VERSION "2.0.5"
| #define PACKAGE_STRING "guvcview 2.0.5"
| #define PACKAGE_BUGREPORT "http://guvcview.sourceforge.net/"
| #define PACKAGE_URL ""
| #define PACKAGE_RELEASE "2"
| #define PACKAGE "guvcview"
| #define VERSION "2.0.5"
| #define STDC_HEADERS 1
| #define HAVE_SYS_TYPES_H 1
| #define HAVE_SYS_STAT_H 1
| #define HAVE_STDLIB_H 1
| #define HAVE_STRING_H 1
| #define HAVE_MEMORY_H 1
| #define HAVE_STRINGS_H 1
| #define HAVE_INTTYPES_H 1
| #define HAVE_STDINT_H 1
| #define HAVE_UNISTD_H 1
| #define HAVE_DLFCN_H 1
| #define LT_OBJDIR ".libs/"
| #define _FILE_OFFSET_BITS 64
| #define HAVE_PTHREAD 1
| #define GETTEXT_PACKAGE_V4L2CORE "gview_v4l2core"
| #define GETTEXT_PACKAGE "guvcview"
| #define HAVE_LOCALE_H 1
| #define HAVE_LC_MESSAGES 1
| #define HAVE_BIND_TEXTDOMAIN_CODESET 1
| #define HAVE_GETTEXT 1
| #define HAVE_DCGETTEXT 1
| #define ENABLE_NLS 1
| #define STDC_HEADERS 1
| #define HAVE_MATH_H 1
| #define HAVE_EXP 1
| #define HAVE_ROUNDF 1
| #define HAVE_POW 1
| #define HAVE_LIBAVCODEC_AVCODEC_H 1
| /* end confdefs.h.  */
| #include <stdio.h>
| #ifdef HAVE_SYS_TYPES_H
| # include <sys/types.h>
| #endif
| #ifdef HAVE_SYS_STAT_H
| # include <sys/stat.h>
| #endif
| #ifdef STDC_HEADERS
| # include <stdlib.h>
| # include <stddef.h>
| #else
| # ifdef HAVE_STDLIB_H
| #  include <stdlib.h>
| # endif
| #endif
| #ifdef HAVE_STRING_H
| # if !defined STDC_HEADERS && defined HAVE_MEMORY_H
| #  include <memory.h>
| # endif
| # include <string.h>
| #endif
| #ifdef HAVE_STRINGS_H
| # include <strings.h>
| #endif
| #ifdef HAVE_INTTYPES_H
| # include <inttypes.h>
| #endif
| #ifdef HAVE_STDINT_H
| # include <stdint.h>
| #endif
| #ifdef HAVE_UNISTD_H
| # include <unistd.h>
| #endif
| #include <ffmpeg/avcodec.h>
configure:13940: result: no
configure:13940: checking ffmpeg/avcodec.h presence
configure:13940: gcc -E  conftest.c
conftest.c:40:10: fatal error: ffmpeg/avcodec.h: No such file or directory
 #include <ffmpeg/avcodec.h>
          ^~~~~~~~~~~~~~~~~~
compilation terminated.
configure:13940: $? = 1
configure: failed program was:
| /* confdefs.h */
| #define PACKAGE_NAME "guvcview"
| #define PACKAGE_TARNAME "guvcview"
| #define PACKAGE_VERSION "2.0.5"
| #define PACKAGE_STRING "guvcview 2.0.5"
| #define PACKAGE_BUGREPORT "http://guvcview.sourceforge.net/"
| #define PACKAGE_URL ""
| #define PACKAGE_RELEASE "2"
| #define PACKAGE "guvcview"
| #define VERSION "2.0.5"
| #define STDC_HEADERS 1
| #define HAVE_SYS_TYPES_H 1
| #define HAVE_SYS_STAT_H 1
| #define HAVE_STDLIB_H 1
| #define HAVE_STRING_H 1
| #define HAVE_MEMORY_H 1
| #define HAVE_STRINGS_H 1
| #define HAVE_INTTYPES_H 1
| #define HAVE_STDINT_H 1
| #define HAVE_UNISTD_H 1
| #define HAVE_DLFCN_H 1
| #define LT_OBJDIR ".libs/"
| #define _FILE_OFFSET_BITS 64
| #define HAVE_PTHREAD 1
| #define GETTEXT_PACKAGE_V4L2CORE "gview_v4l2core"
| #define GETTEXT_PACKAGE "guvcview"
| #define HAVE_LOCALE_H 1
| #define HAVE_LC_MESSAGES 1
| #define HAVE_BIND_TEXTDOMAIN_CODESET 1
| #define HAVE_GETTEXT 1
| #define HAVE_DCGETTEXT 1
| #define ENABLE_NLS 1
| #define STDC_HEADERS 1
| #define HAVE_MATH_H 1
| #define HAVE_EXP 1
| #define HAVE_ROUNDF 1
| #define HAVE_POW 1
| #define HAVE_LIBAVCODEC_AVCODEC_H 1
| /* end confdefs.h.  */
| #include <ffmpeg/avcodec.h>
configure:13940: result: no
configure:13940: checking for ffmpeg/avcodec.h
configure:13940: result: no
configure:13952: checking if you want to use the internal mjpeg decoder over libavcodec 
configure:13962: result: no
configure:14006: checking if you want to enable sdl2 support
configure:14016: result: yes
configure:14023: checking for GVIEWRENDER
configure:14030: $PKG_CONFIG --exists --print-errors "sdl2 >= 2.0"
configure:14033: $? = 0
configure:14047: $PKG_CONFIG --exists --print-errors "sdl2 >= 2.0"
configure:14050: $? = 0
configure:14108: result: yes
configure:14129: checking if you want to enable sfml support
configure:14139: result: no
configure:14252: checking if you want to enable gsl support
configure:14262: result: yes
configure:14270: checking for GSL
configure:14277: $PKG_CONFIG --exists --print-errors "gsl >= 1.15"
configure:14280: $? = 0
configure:14294: $PKG_CONFIG --exists --print-errors "gsl >= 1.15"
configure:14297: $? = 0
configure:14355: result: yes
configure:14404: checking for GVIEWAUDIO
configure:14411: $PKG_CONFIG --exists --print-errors "portaudio-2.0"
configure:14414: $? = 0
configure:14428: $PKG_CONFIG --exists --print-errors "portaudio-2.0"
configure:14431: $? = 0
configure:14489: result: yes
configure:14496: checking if you want to enable pulse support
configure:14506: result: yes
configure:14512: checking for PULSE
configure:14519: $PKG_CONFIG --exists --print-errors "libpulse >= 0.9.15"
configure:14522: $? = 0
configure:14536: $PKG_CONFIG --exists --print-errors "libpulse >= 0.9.15"
configure:14539: $? = 0
configure:14577: result: yes
configure:14635: checking for GVIEWENCODER
configure:14642: $PKG_CONFIG --exists --print-errors "libavcodec, libavutil"
configure:14645: $? = 0
configure:14659: $PKG_CONFIG --exists --print-errors "libavcodec, libavutil"
configure:14662: $? = 0
configure:14720: result: yes
configure:14730: checking for libavutil/version.h
configure:14730: gcc -c -g -O2  conftest.c >&5
configure:14730: $? = 0
configure:14730: result: yes
configure:14746: checking if you want to enable gtk3 support
configure:14756: result: yes
configure:14762: checking for GUIGTK3
configure:14769: $PKG_CONFIG --exists --print-errors "gtk+-3.0 >= 3.0.0 glib-2.0 >= 2.10.0"
configure:14772: $? = 0
configure:14786: $PKG_CONFIG --exists --print-errors "gtk+-3.0 >= 3.0.0 glib-2.0 >= 2.10.0"
configure:14789: $? = 0
configure:14827: result: yes
configure:14853: checking if you want to enable qt5 support
configure:14863: result: no
configure:15071: checking for fpathconf
configure:15071: gcc -o conftest -g -O2   conftest.c  >&5
configure:15071: $? = 0
configure:15071: result: yes
configure:15071: checking for dirfd
configure:15071: gcc -o conftest -g -O2   conftest.c  >&5
configure:15071: $? = 0
configure:15071: result: yes
configure:15081: checking if you want to enable debian menu
configure:15091: result: yes
configure:15103: checking if you want to enable desktop file
configure:15113: result: yes
configure:15126: checking whether byte ordering is bigendian
configure:15141: gcc -c -g -O2  conftest.c >&5
conftest.c:48:9: error: unknown type name 'not'
         not a universal capable compiler
         ^~~
conftest.c:48:15: error: expected '=', ',', ';', 'asm' or '__attribute__' before 'universal'
         not a universal capable compiler
               ^~~~~~~~~
conftest.c:48:15: error: unknown type name 'universal'
configure:15141: $? = 1
configure: failed program was:
| /* confdefs.h */
| #define PACKAGE_NAME "guvcview"
| #define PACKAGE_TARNAME "guvcview"
| #define PACKAGE_VERSION "2.0.5"
| #define PACKAGE_STRING "guvcview 2.0.5"
| #define PACKAGE_BUGREPORT "http://guvcview.sourceforge.net/"
| #define PACKAGE_URL ""
| #define PACKAGE_RELEASE "2"
| #define PACKAGE "guvcview"
| #define VERSION "2.0.5"
| #define STDC_HEADERS 1
| #define HAVE_SYS_TYPES_H 1
| #define HAVE_SYS_STAT_H 1
| #define HAVE_STDLIB_H 1
| #define HAVE_STRING_H 1
| #define HAVE_MEMORY_H 1
| #define HAVE_STRINGS_H 1
| #define HAVE_INTTYPES_H 1
| #define HAVE_STDINT_H 1
| #define HAVE_UNISTD_H 1
| #define HAVE_DLFCN_H 1
| #define LT_OBJDIR ".libs/"
| #define _FILE_OFFSET_BITS 64
| #define HAVE_PTHREAD 1
| #define GETTEXT_PACKAGE_V4L2CORE "gview_v4l2core"
| #define GETTEXT_PACKAGE "guvcview"
| #define HAVE_LOCALE_H 1
| #define HAVE_LC_MESSAGES 1
| #define HAVE_BIND_TEXTDOMAIN_CODESET 1
| #define HAVE_GETTEXT 1
| #define HAVE_DCGETTEXT 1
| #define ENABLE_NLS 1
| #define STDC_HEADERS 1
| #define HAVE_MATH_H 1
| #define HAVE_EXP 1
| #define HAVE_ROUNDF 1
| #define HAVE_POW 1
| #define HAVE_LIBAVCODEC_AVCODEC_H 1
| #define ENABLE_SDL2 1
| #define HAS_GSL 1
| #define HAS_PULSEAUDIO 1
| #define HAVE_LIBAVUTIL_VERSION_H 1
| #define HAS_GTK3 1
| #define HAVE_FPATHCONF 1
| #define HAVE_DIRFD 1
| /* end confdefs.h.  */
| #ifndef __APPLE_CC__
| 	       not a universal capable compiler
| 	     #endif
| 	     typedef int dummy;
| 
configure:15186: gcc -c -g -O2  conftest.c >&5
configure:15186: $? = 0
configure:15204: gcc -c -g -O2  conftest.c >&5
conftest.c: In function 'main':
conftest.c:54:4: error: unknown type name 'not'; did you mean 'ino_t'?
    not big endian
    ^~~
    ino_t
conftest.c:54:12: error: expected '=', ',', ';', 'asm' or '__attribute__' before 'endian'
    not big endian
            ^~~~~~
configure:15204: $? = 1
configure: failed program was:
| /* confdefs.h */
| #define PACKAGE_NAME "guvcview"
| #define PACKAGE_TARNAME "guvcview"
| #define PACKAGE_VERSION "2.0.5"
| #define PACKAGE_STRING "guvcview 2.0.5"
| #define PACKAGE_BUGREPORT "http://guvcview.sourceforge.net/"
| #define PACKAGE_URL ""
| #define PACKAGE_RELEASE "2"
| #define PACKAGE "guvcview"
| #define VERSION "2.0.5"
| #define STDC_HEADERS 1
| #define HAVE_SYS_TYPES_H 1
| #define HAVE_SYS_STAT_H 1
| #define HAVE_STDLIB_H 1
| #define HAVE_STRING_H 1
| #define HAVE_MEMORY_H 1
| #define HAVE_STRINGS_H 1
| #define HAVE_INTTYPES_H 1
| #define HAVE_STDINT_H 1
| #define HAVE_UNISTD_H 1
| #define HAVE_DLFCN_H 1
| #define LT_OBJDIR ".libs/"
| #define _FILE_OFFSET_BITS 64
| #define HAVE_PTHREAD 1
| #define GETTEXT_PACKAGE_V4L2CORE "gview_v4l2core"
| #define GETTEXT_PACKAGE "guvcview"
| #define HAVE_LOCALE_H 1
| #define HAVE_LC_MESSAGES 1
| #define HAVE_BIND_TEXTDOMAIN_CODESET 1
| #define HAVE_GETTEXT 1
| #define HAVE_DCGETTEXT 1
| #define ENABLE_NLS 1
| #define STDC_HEADERS 1
| #define HAVE_MATH_H 1
| #define HAVE_EXP 1
| #define HAVE_ROUNDF 1
| #define HAVE_POW 1
| #define HAVE_LIBAVCODEC_AVCODEC_H 1
| #define ENABLE_SDL2 1
| #define HAS_GSL 1
| #define HAS_PULSEAUDIO 1
| #define HAVE_LIBAVUTIL_VERSION_H 1
| #define HAS_GTK3 1
| #define HAVE_FPATHCONF 1
| #define HAVE_DIRFD 1
| /* end confdefs.h.  */
| #include <sys/types.h>
| 		#include <sys/param.h>
| 
| int
| main ()
| {
| #if BYTE_ORDER != BIG_ENDIAN
| 		 not big endian
| 		#endif
| 
|   ;
|   return 0;
| }
configure:15332: result: no
configure:15411: updating cache config.cache
configure:15455: checking that generated files are newer than configure
configure:15461: result: done
configure:15487: checking that generated files are newer than configure
configure:15493: result: done
configure:15537: creating ./config.status

## ---------------------- ##
## Running config.status. ##
## ---------------------- ##

This file was extended by guvcview config.status 2.0.5, which was
generated by GNU Autoconf 2.69.  Invocation command line was

  CONFIG_FILES    = 
  CONFIG_HEADERS  = 
  CONFIG_LINKS    = 
  CONFIG_COMMANDS = 
  $ ./config.status 

on raspberrypi

config.status:1324: creating Makefile
config.status:1324: creating pkgconfig/libgviewv4l2core.pc
config.status:1324: creating pkgconfig/libgviewaudio.pc
config.status:1324: creating pkgconfig/libgviewrender.pc
config.status:1324: creating pkgconfig/libgviewencoder.pc
config.status:1324: creating gview_v4l2core/Makefile
config.status:1324: creating gview_audio/Makefile
config.status:1324: creating gview_render/Makefile
config.status:1324: creating gview_encoder/Makefile
config.status:1324: creating guvcview/Makefile
config.status:1324: creating data/Makefile
config.status:1324: creating data/icons/Makefile
config.status:1324: creating data/guvcview.desktop.in
config.status:1324: creating data/guvcview.appdata.xml.in
config.status:1324: creating data/guvcview.in
config.status:1324: creating po/Makefile.in
config.status:1324: creating po/gview_v4l2core/Makefile.in
config.status:1324: creating config.h
config.status:1553: executing depfiles commands
config.status:1630: cd gview_v4l2core       && sed -e '/# am--include-marker/d' Makefile         | make -f - am--depfiles
make: Nothing to be done for 'am--depfiles'.
config.status:1635: $? = 0
config.status:1630: cd gview_audio       && sed -e '/# am--include-marker/d' Makefile         | make -f - am--depfiles
make: Nothing to be done for 'am--depfiles'.
config.status:1635: $? = 0
config.status:1630: cd gview_render       && sed -e '/# am--include-marker/d' Makefile         | make -f - am--depfiles
make: Nothing to be done for 'am--depfiles'.
config.status:1635: $? = 0
config.status:1630: cd gview_encoder       && sed -e '/# am--include-marker/d' Makefile         | make -f - am--depfiles
make: Nothing to be done for 'am--depfiles'.
config.status:1635: $? = 0
config.status:1630: cd guvcview       && sed -e '/# am--include-marker/d' Makefile         | make -f - am--depfiles
make: Nothing to be done for 'am--depfiles'.
config.status:1635: $? = 0
config.status:1553: executing libtool commands
config.status:1553: executing default-1 commands
config.status:1553: executing po/stamp-it commands
config.status:1553: executing po/gview_v4l2core/stamp-it commands
configure:18025:

  guvcview 2.0.5
  ----------------------

  Prefix           : /usr
  Pulseaudio       : yes
  gsl              : yes
  sdl2             : yes
  sfml             : no
  mjpg decoder     : libavcodec
  gtk3             : yes
  Qt5              : no
  desktop file     : yes
  debian menu      : yes



## ---------------- ##
## Cache variables. ##
## ---------------- ##

ac_cv_build=armv7l-unknown-linux-gnueabihf
ac_cv_c_bigendian=no
ac_cv_c_compiler_gnu=yes
ac_cv_cxx_compiler_gnu=yes
ac_cv_env_CCC_set=
ac_cv_env_CCC_value=
ac_cv_env_CC_set=
ac_cv_env_CC_value=
ac_cv_env_CFLAGS_set=
ac_cv_env_CFLAGS_value=
ac_cv_env_CPPFLAGS_set=
ac_cv_env_CPPFLAGS_value=
ac_cv_env_CPP_set=
ac_cv_env_CPP_value=
ac_cv_env_CXXCPP_set=
ac_cv_env_CXXCPP_value=
ac_cv_env_CXXFLAGS_set=
ac_cv_env_CXXFLAGS_value=
ac_cv_env_CXX_set=
ac_cv_env_CXX_value=
ac_cv_env_GSL_CFLAGS_set=
ac_cv_env_GSL_CFLAGS_value=
ac_cv_env_GSL_LIBS_set=
ac_cv_env_GSL_LIBS_value=
ac_cv_env_GUIGTK3_CFLAGS_set=
ac_cv_env_GUIGTK3_CFLAGS_value=
ac_cv_env_GUIGTK3_LIBS_set=
ac_cv_env_GUIGTK3_LIBS_value=
ac_cv_env_GUIQT5_CFLAGS_set=
ac_cv_env_GUIQT5_CFLAGS_value=
ac_cv_env_GUIQT5_LIBS_set=
ac_cv_env_GUIQT5_LIBS_value=
ac_cv_env_GVIEWAUDIO_CFLAGS_set=
ac_cv_env_GVIEWAUDIO_CFLAGS_value=
ac_cv_env_GVIEWAUDIO_LIBS_set=
ac_cv_env_GVIEWAUDIO_LIBS_value=
ac_cv_env_GVIEWENCODER_CFLAGS_set=
ac_cv_env_GVIEWENCODER_CFLAGS_value=
ac_cv_env_GVIEWENCODER_LIBS_set=
ac_cv_env_GVIEWENCODER_LIBS_value=
ac_cv_env_GVIEWRENDER_CFLAGS_set=
ac_cv_env_GVIEWRENDER_CFLAGS_value=
ac_cv_env_GVIEWRENDER_LIBS_set=
ac_cv_env_GVIEWRENDER_LIBS_value=
ac_cv_env_GVIEWV4L2CORE_CFLAGS_set=
ac_cv_env_GVIEWV4L2CORE_CFLAGS_value=
ac_cv_env_GVIEWV4L2CORE_LIBS_set=
ac_cv_env_GVIEWV4L2CORE_LIBS_value=
ac_cv_env_LDFLAGS_set=
ac_cv_env_LDFLAGS_value=
ac_cv_env_LIBS_set=
ac_cv_env_LIBS_value=
ac_cv_env_LT_SYS_LIBRARY_PATH_set=
ac_cv_env_LT_SYS_LIBRARY_PATH_value=
ac_cv_env_PKG_CONFIG_LIBDIR_set=
ac_cv_env_PKG_CONFIG_LIBDIR_value=
ac_cv_env_PKG_CONFIG_PATH_set=
ac_cv_env_PKG_CONFIG_PATH_value=
ac_cv_env_PKG_CONFIG_set=
ac_cv_env_PKG_CONFIG_value=
ac_cv_env_PULSE_CFLAGS_set=
ac_cv_env_PULSE_CFLAGS_value=
ac_cv_env_PULSE_LIBS_set=
ac_cv_env_PULSE_LIBS_value=
ac_cv_env_SFML_CFLAGS_set=
ac_cv_env_SFML_CFLAGS_value=
ac_cv_env_SFML_LIBS_set=
ac_cv_env_SFML_LIBS_value=
ac_cv_env_build_alias_set=
ac_cv_env_build_alias_value=
ac_cv_env_host_alias_set=
ac_cv_env_host_alias_value=
ac_cv_env_target_alias_set=
ac_cv_env_target_alias_value=
ac_cv_func_bind_textdomain_codeset=yes
ac_cv_func_dcgettext=yes
ac_cv_func_dirfd=yes
ac_cv_func_fpathconf=yes
ac_cv_header_dlfcn_h=yes
ac_cv_header_ffmpeg_avcodec_h=no
ac_cv_header_inttypes_h=yes
ac_cv_header_libavcodec_avcodec_h=yes
ac_cv_header_libavutil_version_h=yes
ac_cv_header_libintl_h=yes
ac_cv_header_locale_h=yes
ac_cv_header_math_h=yes
ac_cv_header_memory_h=yes
ac_cv_header_stdc=yes
ac_cv_header_stdint_h=yes
ac_cv_header_stdlib_h=yes
ac_cv_header_string_h=yes
ac_cv_header_strings_h=yes
ac_cv_header_sys_stat_h=yes
ac_cv_header_sys_types_h=yes
ac_cv_header_unistd_h=yes
ac_cv_host=armv7l-unknown-linux-gnueabihf
ac_cv_lib_m_exp=yes
ac_cv_lib_m_pow=yes
ac_cv_lib_m_roundf=yes
ac_cv_objext=o
ac_cv_path_EGREP='/bin/grep -E'
ac_cv_path_FGREP='/bin/grep -F'
ac_cv_path_GMSGFMT=/usr/bin/msgfmt
ac_cv_path_GREP=/bin/grep
ac_cv_path_INTLTOOL_EXTRACT=/usr/bin/intltool-extract
ac_cv_path_INTLTOOL_MERGE=/usr/bin/intltool-merge
ac_cv_path_INTLTOOL_PERL=/usr/bin/perl
ac_cv_path_INTLTOOL_UPDATE=/usr/bin/intltool-update
ac_cv_path_MSGFMT=/usr/bin/msgfmt
ac_cv_path_MSGMERGE=/usr/bin/msgmerge
ac_cv_path_SED=/bin/sed
ac_cv_path_XGETTEXT=/usr/bin/xgettext
ac_cv_path_ac_pt_PKG_CONFIG=/usr/bin/pkg-config
ac_cv_path_install='/usr/bin/install -c'
ac_cv_path_lt_DD=/bin/dd
ac_cv_path_mkdir=/bin/mkdir
ac_cv_prog_AWK=mawk
ac_cv_prog_CPP='gcc -E'
ac_cv_prog_CXXCPP='g++ -E'
ac_cv_prog_ac_ct_AR=ar
ac_cv_prog_ac_ct_CC=gcc
ac_cv_prog_ac_ct_CXX=g++
ac_cv_prog_ac_ct_MANIFEST_TOOL=mt
ac_cv_prog_ac_ct_OBJDUMP=objdump
ac_cv_prog_ac_ct_RANLIB=ranlib
ac_cv_prog_ac_ct_STRIP=strip
ac_cv_prog_cc_c89=
ac_cv_prog_cc_g=yes
ac_cv_prog_cxx_c_o=yes
ac_cv_prog_cxx_g=yes
ac_cv_prog_make_make_set=yes
ac_cv_sys_file_offset_bits=64
ac_cv_sys_largefile_CC=no
am_cv_CC_dependencies_compiler_type=gcc3
am_cv_CXX_dependencies_compiler_type=gcc3
am_cv_make_support_nested_variables=yes
am_cv_prog_cc_c_o=yes
am_cv_val_LC_MESSAGES=yes
gt_cv_func_CFLocaleCopyCurrent=no
gt_cv_func_CFPreferencesCopyAppValue=no
gt_cv_func_dgettext_libc=yes
gt_cv_func_dgettext_libintl=no
gt_cv_func_ngettext_libc=yes
gt_cv_have_gettext=yes
lt_cv_ar_at_file=@
lt_cv_archive_cmds_need_lc=no
lt_cv_deplibs_check_method=pass_all
lt_cv_file_magic_cmd='$MAGIC_CMD'
lt_cv_file_magic_test_file=
lt_cv_ld_reload_flag=-r
lt_cv_nm_interface='BSD nm'
lt_cv_objdir=.libs
lt_cv_path_LD=/usr/bin/ld
lt_cv_path_LDCXX=/usr/bin/ld
lt_cv_path_NM='/usr/bin/nm -B'
lt_cv_path_mainfest_tool=no
lt_cv_prog_compiler_c_o=yes
lt_cv_prog_compiler_c_o_CXX=yes
lt_cv_prog_compiler_pic='-fPIC -DPIC'
lt_cv_prog_compiler_pic_CXX='-fPIC -DPIC'
lt_cv_prog_compiler_pic_works=yes
lt_cv_prog_compiler_pic_works_CXX=yes
lt_cv_prog_compiler_rtti_exceptions=no
lt_cv_prog_compiler_static_works=yes
lt_cv_prog_compiler_static_works_CXX=yes
lt_cv_prog_gnu_ld=yes
lt_cv_prog_gnu_ldcxx=yes
lt_cv_sharedlib_from_linklib_cmd='printf %s\n'
lt_cv_shlibpath_overrides_runpath=yes
lt_cv_sys_global_symbol_pipe='sed -n -e '\''s/^.*[	 ]\([ABCDGIRSTW][ABCDGIRSTW]*\)[	 ][	 ]*\([_A-Za-z][_A-Za-z0-9]*\)$/\1 \2 \2/p'\'' | sed '\''/ __gnu_lto/d'\'''
lt_cv_sys_global_symbol_to_c_name_address='sed -n -e '\''s/^: \(.*\) .*$/  {"\1", (void *) 0},/p'\'' -e '\''s/^[ABCDGIRSTW][ABCDGIRSTW]* .* \(.*\)$/  {"\1", (void *) \&\1},/p'\'''
lt_cv_sys_global_symbol_to_c_name_address_lib_prefix='sed -n -e '\''s/^: \(.*\) .*$/  {"\1", (void *) 0},/p'\'' -e '\''s/^[ABCDGIRSTW][ABCDGIRSTW]* .* \(lib.*\)$/  {"\1", (void *) \&\1},/p'\'' -e '\''s/^[ABCDGIRSTW][ABCDGIRSTW]* .* \(.*\)$/  {"lib\1", (void *) \&\1},/p'\'''
lt_cv_sys_global_symbol_to_cdecl='sed -n -e '\''s/^T .* \(.*\)$/extern int \1();/p'\'' -e '\''s/^[ABCDGIRSTW][ABCDGIRSTW]* .* \(.*\)$/extern char \1;/p'\'''
lt_cv_sys_global_symbol_to_import=
lt_cv_sys_max_cmd_len=1572864
lt_cv_to_host_file_cmd=func_convert_file_noop
lt_cv_to_tool_file_cmd=func_convert_file_noop
lt_cv_truncate_bin='/bin/dd bs=4096 count=1'
pkg_cv_GSL_CFLAGS=
pkg_cv_GSL_LIBS='-lgsl -lgslcblas -lm'
pkg_cv_GUIGTK3_CFLAGS='-pthread -I/usr/include/gtk-3.0 -I/usr/include/at-spi2-atk/2.0 -I/usr/include/at-spi-2.0 -I/usr/include/dbus-1.0 -I/usr/lib/arm-linux-gnueabihf/dbus-1.0/include -I/usr/include/gtk-3.0 -I/usr/include/gio-unix-2.0 -I/usr/include/cairo -I/usr/include/pango-1.0 -I/usr/include/harfbuzz -I/usr/include/pango-1.0 -I/usr/include/fribidi -I/usr/include/atk-1.0 -I/usr/include/cairo -I/usr/include/pixman-1 -I/usr/include/freetype2 -I/usr/include/libpng16 -I/usr/include/gdk-pixbuf-2.0 -I/usr/include/libmount -I/usr/include/blkid -I/usr/include/uuid -I/usr/include/glib-2.0 -I/usr/lib/arm-linux-gnueabihf/glib-2.0/include'
pkg_cv_GUIGTK3_LIBS='-lgtk-3 -lgdk-3 -lpangocairo-1.0 -lpango-1.0 -latk-1.0 -lcairo-gobject -lcairo -lgdk_pixbuf-2.0 -lgio-2.0 -lgobject-2.0 -lglib-2.0'
pkg_cv_GVIEWAUDIO_CFLAGS=-pthread
pkg_cv_GVIEWAUDIO_LIBS='-lportaudio -lasound -lm -lpthread'
pkg_cv_GVIEWENCODER_CFLAGS=-I/usr/include/arm-linux-gnueabihf
pkg_cv_GVIEWENCODER_LIBS='-lavcodec -lavutil'
pkg_cv_GVIEWRENDER_CFLAGS='-D_REENTRANT -I/usr/include/SDL2 -I/opt/vc/include -I/opt/vc/include/interface/vcos/pthreads -I/opt/vc/include/interface/vmcs_host/linux'
pkg_cv_GVIEWRENDER_LIBS=-lSDL2
pkg_cv_GVIEWV4L2CORE_CFLAGS='-I/usr/include/libusb-1.0 -I/usr/include/arm-linux-gnueabihf -I/usr/include/libpng16'
pkg_cv_GVIEWV4L2CORE_LIBS='-lv4l2 -ludev -lusb-1.0 -lavcodec -lavutil -lpng16 -lz'
pkg_cv_PULSE_CFLAGS=-D_REENTRANT
pkg_cv_PULSE_LIBS=-lpulse

## ----------------- ##
## Output variables. ##
## ----------------- ##

ACLOCAL='${SHELL} /home/pi/guvcview/missing aclocal-1.16'
ALL_LINGUAS='bg bs cs da de en_AU es eu fo fr gl he hr it ja lv nl pl pt pt_BR ru si sr tr uk zh_TW'
AMDEPBACKSLASH='\'
AMDEP_FALSE='#'
AMDEP_TRUE=''
AMTAR='$${TAR-tar}'
AM_BACKSLASH='\'
AM_DEFAULT_V='$(AM_DEFAULT_VERBOSITY)'
AM_DEFAULT_VERBOSITY='0'
AM_V='$(V)'
AR='ar'
AUTOCONF='${SHELL} /home/pi/guvcview/missing autoconf'
AUTOHEADER='${SHELL} /home/pi/guvcview/missing autoheader'
AUTOMAKE='${SHELL} /home/pi/guvcview/missing automake-1.16'
AWK='mawk'
CATALOGS=' bg.gmo bs.gmo cs.gmo da.gmo de.gmo en_AU.gmo es.gmo eu.gmo fo.gmo fr.gmo gl.gmo he.gmo hr.gmo it.gmo ja.gmo lv.gmo nl.gmo pl.gmo pt.gmo pt_BR.gmo ru.gmo si.gmo sr.gmo tr.gmo uk.gmo zh_TW.gmo'
CATOBJEXT='.gmo'
CC='gcc'
CCDEPMODE='depmode=gcc3'
CFLAGS='-g -O2'
CPP='gcc -E'
CPPFLAGS=''
CXX='g++'
CXXCPP='g++ -E'
CXXDEPMODE='depmode=gcc3'
CXXFLAGS='-g -O2'
CYGPATH_W='echo'
DATADIRNAME='share'
DEBIAN_MENU_FALSE='#'
DEBIAN_MENU_TRUE=''
DEFS='-DHAVE_CONFIG_H'
DEPDIR='.deps'
DESKTOP_FALSE='#'
DESKTOP_TRUE=''
DLLTOOL='false'
DSYMUTIL=''
DUMPBIN=''
ECHO_C=''
ECHO_N='-n'
ECHO_T=''
EGREP='/bin/grep -E'
ENABLE_SDL2_FALSE='#'
ENABLE_SDL2_TRUE=''
ENABLE_SFML_FALSE=''
ENABLE_SFML_TRUE='#'
EXEEXT=''
FGREP='/bin/grep -F'
GETTEXT_PACKAGE='guvcview'
GETTEXT_PACKAGE_V4L2CORE='gview_v4l2core'
GMOFILES=' bg.gmo bs.gmo cs.gmo da.gmo de.gmo en_AU.gmo es.gmo eu.gmo fo.gmo fr.gmo gl.gmo he.gmo hr.gmo it.gmo ja.gmo lv.gmo nl.gmo pl.gmo pt.gmo pt_BR.gmo ru.gmo si.gmo sr.gmo tr.gmo uk.gmo zh_TW.gmo'
GMSGFMT='/usr/bin/msgfmt'
GREP='/bin/grep'
GSL_CFLAGS=''
GSL_LIBS='-lgsl -lgslcblas -lm'
GUIGTK3_CFLAGS='-pthread -I/usr/include/gtk-3.0 -I/usr/include/at-spi2-atk/2.0 -I/usr/include/at-spi-2.0 -I/usr/include/dbus-1.0 -I/usr/lib/arm-linux-gnueabihf/dbus-1.0/include -I/usr/include/gtk-3.0 -I/usr/include/gio-unix-2.0 -I/usr/include/cairo -I/usr/include/pango-1.0 -I/usr/include/harfbuzz -I/usr/include/pango-1.0 -I/usr/include/fribidi -I/usr/include/atk-1.0 -I/usr/include/cairo -I/usr/include/pixman-1 -I/usr/include/freetype2 -I/usr/include/libpng16 -I/usr/include/gdk-pixbuf-2.0 -I/usr/include/libmount -I/usr/include/blkid -I/usr/include/uuid -I/usr/include/glib-2.0 -I/usr/lib/arm-linux-gnueabihf/glib-2.0/include'
GUIGTK3_LIBS='-lgtk-3 -lgdk-3 -lpangocairo-1.0 -lpango-1.0 -latk-1.0 -lcairo-gobject -lcairo -lgdk_pixbuf-2.0 -lgio-2.0 -lgobject-2.0 -lglib-2.0'
GUIQT5_CFLAGS=''
GUIQT5_LIBS=''
GVIEWAUDIO_API_VERSION='2.0'
GVIEWAUDIO_CFLAGS='-pthread'
GVIEWAUDIO_LD_NAME='gviewaudio'
GVIEWAUDIO_LIBRARY_NAME='libgviewaudio'
GVIEWAUDIO_LIBRARY_VERSION='2:0:0'
GVIEWAUDIO_LIBS='-lportaudio -lasound -lm -lpthread'
GVIEWENCODER_API_VERSION='2.0'
GVIEWENCODER_CFLAGS='-I/usr/include/arm-linux-gnueabihf'
GVIEWENCODER_LD_NAME='gviewencoder'
GVIEWENCODER_LIBRARY_NAME='libgviewencoder'
GVIEWENCODER_LIBRARY_VERSION='2:0:0'
GVIEWENCODER_LIBS='-lavcodec -lavutil'
GVIEWRENDER_API_VERSION='2.0'
GVIEWRENDER_CFLAGS='-D_REENTRANT -I/usr/include/SDL2 -I/opt/vc/include -I/opt/vc/include/interface/vcos/pthreads -I/opt/vc/include/interface/vmcs_host/linux'
GVIEWRENDER_LD_NAME='gviewrender'
GVIEWRENDER_LIBRARY_NAME='libgviewrender'
GVIEWRENDER_LIBRARY_VERSION='2:0:0'
GVIEWRENDER_LIBS='-lSDL2'
GVIEWV4L2CORE_API_VERSION='2.0'
GVIEWV4L2CORE_CFLAGS='-I/usr/include/libusb-1.0 -I/usr/include/arm-linux-gnueabihf -I/usr/include/libpng16'
GVIEWV4L2CORE_LD_NAME='gviewv4l2core'
GVIEWV4L2CORE_LIBRARY_NAME='libgviewv4l2core'
GVIEWV4L2CORE_LIBRARY_VERSION='2:0:0'
GVIEWV4L2CORE_LIBS='-lv4l2 -ludev -lusb-1.0 -lavcodec -lavutil -lpng16 -lz'
HAVE_GTK3_FALSE='#'
HAVE_GTK3_TRUE=''
HAVE_PULSEAUDIO_FALSE='#'
HAVE_PULSEAUDIO_TRUE=''
HAVE_QT5_FALSE=''
HAVE_QT5_TRUE='#'
INSTALL_DATA='${INSTALL} -m 644'
INSTALL_PROGRAM='${INSTALL}'
INSTALL_SCRIPT='${INSTALL}'
INSTALL_STRIP_PROGRAM='$(install_sh) -c -s'
INSTOBJEXT='.mo'
INTLLIBS=''
INTLTOOL_CAVES_RULE='%.caves:     %.caves.in     $(INTLTOOL_MERGE) $(wildcard $(top_srcdir)/po/*.po) ; $(INTLTOOL_V_MERGE)LC_ALL=C $(INTLTOOL_MERGE) $(INTLTOOL_V_MERGE_OPTIONS) -d -u -c $(top_builddir)/po/.intltool-merge-cache $(top_srcdir)/po $< $@'
INTLTOOL_DESKTOP_RULE='%.desktop:   %.desktop.in   $(INTLTOOL_MERGE) $(wildcard $(top_srcdir)/po/*.po) ; $(INTLTOOL_V_MERGE)LC_ALL=C $(INTLTOOL_MERGE) $(INTLTOOL_V_MERGE_OPTIONS) -d -u -c $(top_builddir)/po/.intltool-merge-cache $(top_srcdir)/po $< $@'
INTLTOOL_DIRECTORY_RULE='%.directory: %.directory.in $(INTLTOOL_MERGE) $(wildcard $(top_srcdir)/po/*.po) ; $(INTLTOOL_V_MERGE)LC_ALL=C $(INTLTOOL_MERGE) $(INTLTOOL_V_MERGE_OPTIONS) -d -u -c $(top_builddir)/po/.intltool-merge-cache $(top_srcdir)/po $< $@'
INTLTOOL_EXTRACT='/usr/bin/intltool-extract'
INTLTOOL_KBD_RULE='%.kbd:       %.kbd.in       $(INTLTOOL_MERGE) $(wildcard $(top_srcdir)/po/*.po) ; $(INTLTOOL_V_MERGE)LC_ALL=C $(INTLTOOL_MERGE) $(INTLTOOL_V_MERGE_OPTIONS) -x -u -m -c $(top_builddir)/po/.intltool-merge-cache $(top_srcdir)/po $< $@'
INTLTOOL_KEYS_RULE='%.keys:      %.keys.in      $(INTLTOOL_MERGE) $(wildcard $(top_srcdir)/po/*.po) ; $(INTLTOOL_V_MERGE)LC_ALL=C $(INTLTOOL_MERGE) $(INTLTOOL_V_MERGE_OPTIONS) -k -u -c $(top_builddir)/po/.intltool-merge-cache $(top_srcdir)/po $< $@'
INTLTOOL_MERGE='/usr/bin/intltool-merge'
INTLTOOL_OAF_RULE='%.oaf:       %.oaf.in       $(INTLTOOL_MERGE) $(wildcard $(top_srcdir)/po/*.po) ; $(INTLTOOL_V_MERGE)LC_ALL=C $(INTLTOOL_MERGE) $(INTLTOOL_V_MERGE_OPTIONS) -o -p $(top_srcdir)/po $< $@'
INTLTOOL_PERL='/usr/bin/perl'
INTLTOOL_POLICY_RULE='%.policy:    %.policy.in    $(INTLTOOL_MERGE) $(wildcard $(top_srcdir)/po/*.po) ; $(INTLTOOL_V_MERGE)LC_ALL=C $(INTLTOOL_MERGE) $(INTLTOOL_V_MERGE_OPTIONS) -x -u -c $(top_builddir)/po/.intltool-merge-cache $(top_srcdir)/po $< $@'
INTLTOOL_PONG_RULE='%.pong:      %.pong.in      $(INTLTOOL_MERGE) $(wildcard $(top_srcdir)/po/*.po) ; $(INTLTOOL_V_MERGE)LC_ALL=C $(INTLTOOL_MERGE) $(INTLTOOL_V_MERGE_OPTIONS) -x -u -c $(top_builddir)/po/.intltool-merge-cache $(top_srcdir)/po $< $@'
INTLTOOL_PROP_RULE='%.prop:      %.prop.in      $(INTLTOOL_MERGE) $(wildcard $(top_srcdir)/po/*.po) ; $(INTLTOOL_V_MERGE)LC_ALL=C $(INTLTOOL_MERGE) $(INTLTOOL_V_MERGE_OPTIONS) -d -u -c $(top_builddir)/po/.intltool-merge-cache $(top_srcdir)/po $< $@'
INTLTOOL_SCHEMAS_RULE='%.schemas:   %.schemas.in   $(INTLTOOL_MERGE) $(wildcard $(top_srcdir)/po/*.po) ; $(INTLTOOL_V_MERGE)LC_ALL=C $(INTLTOOL_MERGE) $(INTLTOOL_V_MERGE_OPTIONS) -s -u -c $(top_builddir)/po/.intltool-merge-cache $(top_srcdir)/po $< $@'
INTLTOOL_SERVER_RULE='%.server:    %.server.in    $(INTLTOOL_MERGE) $(wildcard $(top_srcdir)/po/*.po) ; $(INTLTOOL_V_MERGE)LC_ALL=C $(INTLTOOL_MERGE) $(INTLTOOL_V_MERGE_OPTIONS) -o -u -c $(top_builddir)/po/.intltool-merge-cache $(top_srcdir)/po $< $@'
INTLTOOL_SERVICE_RULE='%.service: %.service.in   $(INTLTOOL_MERGE) $(wildcard $(top_srcdir)/po/*.po) ; $(INTLTOOL_V_MERGE)LC_ALL=C $(INTLTOOL_MERGE) $(INTLTOOL_V_MERGE_OPTIONS) -d -u -c $(top_builddir)/po/.intltool-merge-cache $(top_srcdir)/po $< $@'
INTLTOOL_SHEET_RULE='%.sheet:     %.sheet.in     $(INTLTOOL_MERGE) $(wildcard $(top_srcdir)/po/*.po) ; $(INTLTOOL_V_MERGE)LC_ALL=C $(INTLTOOL_MERGE) $(INTLTOOL_V_MERGE_OPTIONS) -x -u -c $(top_builddir)/po/.intltool-merge-cache $(top_srcdir)/po $< $@'
INTLTOOL_SOUNDLIST_RULE='%.soundlist: %.soundlist.in $(INTLTOOL_MERGE) $(wildcard $(top_srcdir)/po/*.po) ; $(INTLTOOL_V_MERGE)LC_ALL=C $(INTLTOOL_MERGE) $(INTLTOOL_V_MERGE_OPTIONS) -d -u -c $(top_builddir)/po/.intltool-merge-cache $(top_srcdir)/po $< $@'
INTLTOOL_THEME_RULE='%.theme:     %.theme.in     $(INTLTOOL_MERGE) $(wildcard $(top_srcdir)/po/*.po) ; $(INTLTOOL_V_MERGE)LC_ALL=C $(INTLTOOL_MERGE) $(INTLTOOL_V_MERGE_OPTIONS) -d -u -c $(top_builddir)/po/.intltool-merge-cache $(top_srcdir)/po $< $@'
INTLTOOL_UI_RULE='%.ui:        %.ui.in        $(INTLTOOL_MERGE) $(wildcard $(top_srcdir)/po/*.po) ; $(INTLTOOL_V_MERGE)LC_ALL=C $(INTLTOOL_MERGE) $(INTLTOOL_V_MERGE_OPTIONS) -x -u -c $(top_builddir)/po/.intltool-merge-cache $(top_srcdir)/po $< $@'
INTLTOOL_UPDATE='/usr/bin/intltool-update'
INTLTOOL_V_MERGE='$(INTLTOOL__v_MERGE_$(V))'
INTLTOOL_V_MERGE_OPTIONS='$(intltool__v_merge_options_$(V))'
INTLTOOL_XAM_RULE='%.xam:       %.xml.in       $(INTLTOOL_MERGE) $(wildcard $(top_srcdir)/po/*.po) ; $(INTLTOOL_V_MERGE)LC_ALL=C $(INTLTOOL_MERGE) $(INTLTOOL_V_MERGE_OPTIONS) -x -u -c $(top_builddir)/po/.intltool-merge-cache $(top_srcdir)/po $< $@'
INTLTOOL_XML_NOMERGE_RULE='%.xml:       %.xml.in       $(INTLTOOL_MERGE) ; $(INTLTOOL_V_MERGE)LC_ALL=C $(INTLTOOL_MERGE) $(INTLTOOL_V_MERGE_OPTIONS) -x -u --no-translations $< $@'
INTLTOOL_XML_RULE='%.xml:       %.xml.in       $(INTLTOOL_MERGE) $(wildcard $(top_srcdir)/po/*.po) ; $(INTLTOOL_V_MERGE)LC_ALL=C $(INTLTOOL_MERGE) $(INTLTOOL_V_MERGE_OPTIONS) -x -u -c $(top_builddir)/po/.intltool-merge-cache $(top_srcdir)/po $< $@'
INTLTOOL__v_MERGE_0='@echo "  ITMRG " $@;'
INTLTOOL__v_MERGE_='$(INTLTOOL__v_MERGE_$(AM_DEFAULT_VERBOSITY))'
INTL_MACOSX_LIBS=''
LD='/usr/bin/ld'
LDFLAGS=''
LIBOBJS=''
LIBS=''
LIBTOOL='$(SHELL) $(top_builddir)/libtool'
LIPO=''
LN_S='ln -s'
LTLIBOBJS=''
LT_SYS_LIBRARY_PATH=''
MAINT='#'
MAINTAINER_MODE_FALSE=''
MAINTAINER_MODE_TRUE='#'
MAKEINFO='${SHELL} /home/pi/guvcview/missing makeinfo'
MANIFEST_TOOL=':'
MKDIR_P='/bin/mkdir -p'
MKINSTALLDIRS='./mkinstalldirs'
MOC=''
MSGFMT='/usr/bin/msgfmt'
MSGFMT_OPTS='-c'
MSGMERGE='/usr/bin/msgmerge'
NM='/usr/bin/nm -B'
NMEDIT=''
OBJDUMP='objdump'
OBJEXT='o'
OTOOL64=''
OTOOL=''
PACKAGE='guvcview'
PACKAGE_BUGREPORT='http://guvcview.sourceforge.net/'
PACKAGE_NAME='guvcview'
PACKAGE_RELEASE='2'
PACKAGE_STRING='guvcview 2.0.5'
PACKAGE_TARNAME='guvcview'
PACKAGE_URL=''
PACKAGE_VERSION='2.0.5'
PATH_SEPARATOR=':'
PKG_CONFIG='/usr/bin/pkg-config'
PKG_CONFIG_LIBDIR=''
PKG_CONFIG_PATH=''
POFILES=' bg.po bs.po cs.po da.po de.po en_AU.po es.po eu.po fo.po fr.po gl.po he.po hr.po it.po ja.po lv.po nl.po pl.po pt.po pt_BR.po ru.po si.po sr.po tr.po uk.po zh_TW.po'
POSUB='po'
PO_IN_DATADIR_FALSE=''
PO_IN_DATADIR_TRUE=''
PTHREAD_CC='gcc'
PTHREAD_CFLAGS='-pthread'
PTHREAD_LIBS=''
PULSE_CFLAGS='-D_REENTRANT'
PULSE_LIBS='-lpulse'
RANLIB='ranlib'
SED='/bin/sed'
SET_MAKE=''
SFML_CFLAGS=''
SFML_LIBS=''
SHELL='/bin/bash'
STRIP='strip'
USE_NLS='yes'
VERSION='2.0.5'
XGETTEXT='/usr/bin/xgettext'
ac_ct_AR='ar'
ac_ct_CC='gcc'
ac_ct_CXX='g++'
ac_ct_DUMPBIN=''
ac_ct_MOC=''
acx_pthread_config=''
am__EXEEXT_FALSE=''
am__EXEEXT_TRUE='#'
am__fastdepCC_FALSE='#'
am__fastdepCC_TRUE=''
am__fastdepCXX_FALSE='#'
am__fastdepCXX_TRUE=''
am__include='include'
am__isrc=''
am__leading_dot='.'
am__nodep='_no'
am__quote=''
am__tar='$${TAR-tar} chof - "$$tardir"'
am__untar='$${TAR-tar} xf -'
bindir='${exec_prefix}/bin'
build='armv7l-unknown-linux-gnueabihf'
build_alias=''
build_cpu='armv7l'
build_os='linux-gnueabihf'
build_vendor='unknown'
datadir='${datarootdir}'
datarootdir='${prefix}/share'
docdir='${datarootdir}/doc/${PACKAGE_TARNAME}'
dvidir='${docdir}'
exec_prefix='${prefix}'
host='armv7l-unknown-linux-gnueabihf'
host_alias=''
host_cpu='armv7l'
host_os='linux-gnueabihf'
host_vendor='unknown'
htmldir='${docdir}'
includedir='${prefix}/include'
infodir='${datarootdir}/info'
install_sh='${SHELL} /home/pi/guvcview/install-sh'
intltool__v_merge_options_0='-q'
intltool__v_merge_options_='$(intltool__v_merge_options_$(AM_DEFAULT_VERBOSITY))'
libdir='${exec_prefix}/lib'
libexecdir='${exec_prefix}/libexec'
localedir='${datarootdir}/locale'
localstatedir='${prefix}/var'
mandir='${datarootdir}/man'
mkdir_p='$(MKDIR_P)'
oldincludedir='/usr/include'
pdfdir='${docdir}'
prefix='/usr'
program_transform_name='s,x,x,'
psdir='${docdir}'
runstatedir='${localstatedir}/run'
sbindir='${exec_prefix}/sbin'
sharedstatedir='${prefix}/com'
sysconfdir='${prefix}/etc'
target_alias=''

## ----------- ##
## confdefs.h. ##
## ----------- ##

/* confdefs.h */
#define PACKAGE_NAME "guvcview"
#define PACKAGE_TARNAME "guvcview"
#define PACKAGE_VERSION "2.0.5"
#define PACKAGE_STRING "guvcview 2.0.5"
#define PACKAGE_BUGREPORT "http://guvcview.sourceforge.net/"
#define PACKAGE_URL ""
#define PACKAGE_RELEASE "2"
#define PACKAGE "guvcview"
#define VERSION "2.0.5"
#define STDC_HEADERS 1
#define HAVE_SYS_TYPES_H 1
#define HAVE_SYS_STAT_H 1
#define HAVE_STDLIB_H 1
#define HAVE_STRING_H 1
#define HAVE_MEMORY_H 1
#define HAVE_STRINGS_H 1
#define HAVE_INTTYPES_H 1
#define HAVE_STDINT_H 1
#define HAVE_UNISTD_H 1
#define HAVE_DLFCN_H 1
#define LT_OBJDIR ".libs/"
#define _FILE_OFFSET_BITS 64
#define HAVE_PTHREAD 1
#define GETTEXT_PACKAGE_V4L2CORE "gview_v4l2core"
#define GETTEXT_PACKAGE "guvcview"
#define HAVE_LOCALE_H 1
#define HAVE_LC_MESSAGES 1
#define HAVE_BIND_TEXTDOMAIN_CODESET 1
#define HAVE_GETTEXT 1
#define HAVE_DCGETTEXT 1
#define ENABLE_NLS 1
#define STDC_HEADERS 1
#define HAVE_MATH_H 1
#define HAVE_EXP 1
#define HAVE_ROUNDF 1
#define HAVE_POW 1
#define HAVE_LIBAVCODEC_AVCODEC_H 1
#define ENABLE_SDL2 1
#define HAS_GSL 1
#define HAS_PULSEAUDIO 1
#define HAVE_LIBAVUTIL_VERSION_H 1
#define HAS_GTK3 1
#define HAVE_FPATHCONF 1
#define HAVE_DIRFD 1

configure: exit 0
